[34m[LOGGER] info - 2023-10-19 23:52:59 : ✅ Server running at port 8080[39m
[34m[LOGGER] info - 2023-10-19 23:56:29 : ✅ Server running at port 8080[39m
[34m[LOGGER] info - 2023-10-19 23:59:23 : ✅ Server running at port 8080[39m
[34m[LOGGER] info - 2023-10-20 00:08:11 : ✅ Server running at port 8080[39m
[34m[LOGGER] info - 2023-10-20 00:09:50 : ✅ Server running at port 8080[39m
[34m[LOGGER] info - 2023-10-20 00:11:14 : ✅ Server running at port 8080[39m
[34m[LOGGER] info - 2023-10-20 00:12:03 : ✅ Server running at port 8080[39m
[34m[LOGGER] info - 2023-10-20 00:12:43 : ✅ Server running at port 8080[39m
[34m[LOGGER] info - 2023-10-20 00:18:16 : ✅ Server running at port 8080[39m
[34m[LOGGER] info - 2023-10-20 00:19:05 : ✅ Server running at port 8080[39m
[35m[LOGGER] error - 2023-10-20 00:34:09 : undefined[39m
[34m[LOGGER] info - 2023-10-20 00:36:59 : ✅ Server running at port 8080[39m
[34m[LOGGER] info - 2023-10-20 00:41:01 : ✅ Server running at port 8080[39m
[34m[LOGGER] info - 2023-10-20 01:02:55 : ✅ Server running at port 8080[39m
[34m[LOGGER] info - 2023-10-20 01:03:57 : ✅ Server running at port 8080[39m
[34m[LOGGER] info - 2023-10-20 01:14:36 : ✅ Server running at port 8080[39m
[34m[LOGGER] info - 2023-10-20 01:15:37 : ✅ Server running at port 8080[39m
[34m[LOGGER] info - 2023-10-20 01:16:27 : ✅ Server running at port 8080[39m
[34m[LOGGER] info - 2023-10-20 01:18:41 : ✅ Server running at port 8080[39m
[34m[LOGGER] info - 2023-10-20 01:21:19 : ✅ Server running at port 8080[39m
[34m[LOGGER] info - 2023-10-20 01:42:26 : ✅ Server running at port 8080[39m
[34m[LOGGER] info - 2023-10-20 02:00:54 : ✅ Server running at port 8080[39m
[34m[LOGGER] info - 2023-10-20 02:01:19 : ✅ Server running at port 8080[39m
[34m[LOGGER] info - 2023-10-20 02:06:05 : ✅ Server running at port 8080[39m
[34m[LOGGER] info - 2023-10-20 02:12:39 : ✅ Server running at port 8080[39m
[34m[LOGGER] info - 2023-10-20 02:20:56 : ✅ Server running at port 8080[39m
[35m[LOGGER] error - 2023-10-20 02:21:44 : undefined[39m
[34m[LOGGER] info - 2023-10-20 02:22:43 : ✅ Server running at port 8080[39m
[34m[LOGGER] info - 2023-10-20 02:59:25 : ✅ Server running at port 8080[39m
[34m[LOGGER] info - 2023-10-20 03:00:30 : ✅ Server running at port 8080[39m
[34m[LOGGER] info - 2023-10-20 03:17:32 : ✅ Server running at port 8080[39m
[34m[LOGGER] info - 2023-10-20 13:22:33 : ✅ Server running at port 8080[39m
[34m[LOGGER] info - 2023-10-20 13:37:07 : ✅ Server running at port 8080[39m
[34m[LOGGER] info - 2023-10-20 13:44:24 : ✅ Server running at port 8080[39m
[34m[LOGGER] info - 2023-10-20 13:54:04 : ✅ Server running at port 8080[39m
[34m[LOGGER] info - 2023-10-20 14:03:59 : ✅ Server running at port 8080[39m
[35m[LOGGER] error - 2023-10-20 14:05:18 : Error getting user by email: TypeError: Cannot read properties of undefined (reading 'email')[39m
[35m[LOGGER] error - 2023-10-20 14:05:32 : Error getting user by email: TypeError: Cannot read properties of undefined (reading 'email')[39m
[35m[LOGGER] error - 2023-10-20 14:05:46 : Error getting user by email: TypeError: Cannot read properties of undefined (reading 'email')[39m
[35m[LOGGER] error - 2023-10-20 14:06:50 : Error getting user by email: TypeError: Cannot read properties of undefined (reading 'email')[39m
[35m[LOGGER] error - 2023-10-20 14:06:54 : Error getting user by email: TypeError: Cannot read properties of undefined (reading 'email')[39m
[35m[LOGGER] error - 2023-10-20 14:06:55 : Error getting user by email: TypeError: Cannot read properties of undefined (reading 'email')[39m
[35m[LOGGER] error - 2023-10-20 14:06:56 : Error getting user by email: TypeError: Cannot read properties of undefined (reading 'email')[39m
[35m[LOGGER] error - 2023-10-20 14:07:01 : Error getting user by email: TypeError: Cannot read properties of undefined (reading 'email')[39m
[35m[LOGGER] error - 2023-10-20 14:07:02 : Error getting user by email: TypeError: Cannot read properties of undefined (reading 'email')[39m
[35m[LOGGER] error - 2023-10-20 14:07:14 : Error getting user by email: TypeError: Cannot read properties of undefined (reading 'email')[39m
[35m[LOGGER] error - 2023-10-20 14:07:19 : Error getting user by ID: TypeError: Cannot read properties of undefined (reading 'id')[39m
[34m[LOGGER] info - 2023-10-20 14:08:15 : ✅ Server running at port 8080[39m
[35m[LOGGER] error - 2023-10-20 14:08:51 : Error getting user by email: TypeError: Cannot read properties of undefined (reading 'email')[39m
[35m[LOGGER] error - 2023-10-20 14:08:51 : undefined[39m
[35m[LOGGER] error - 2023-10-20 14:09:27 : Error getting user by email: TypeError: Cannot read properties of undefined (reading 'email')[39m
[35m[LOGGER] error - 2023-10-20 14:09:27 : undefined[39m
[34m[LOGGER] info - 2023-10-20 14:10:08 : ✅ Server running at port 8080[39m
[35m[LOGGER] error - 2023-10-20 14:10:18 : Error getting user by email: TypeError: Cannot read properties of undefined (reading 'email')[39m
[35m[LOGGER] error - 2023-10-20 14:10:18 : undefined[39m
[34m[LOGGER] info - 2023-10-20 14:11:49 : ✅ Server running at port 8080[39m
[35m[LOGGER] error - 2023-10-20 14:12:01 : Error getting products: TypeError: Cannot destructure property 'limit' of 'req.query' as it is undefined.[39m
[35m[LOGGER] error - 2023-10-20 14:12:14 : Error getting products: TypeError: Cannot destructure property 'limit' of 'req.query' as it is undefined.[39m
[35m[LOGGER] error - 2023-10-20 14:13:10 : Error getting products: TypeError: Cannot destructure property 'limit' of 'req.query' as it is undefined.[39m
[34m[LOGGER] info - 2023-10-20 14:13:51 : ✅ Server running at port 8080[39m
[35m[LOGGER] error - 2023-10-20 14:14:30 : Error adding a product to cart: TypeError: Cannot destructure property 'cartId' of 'req.params' as it is undefined.[39m
[35m[LOGGER] error - 2023-10-20 14:14:30 : undefined[39m
[35m[LOGGER] error - 2023-10-20 14:14:42 : Error getting cart by ID: TypeError: Cannot destructure property 'idBuscado' of 'req.params' as it is undefined.[39m
[35m[LOGGER] error - 2023-10-20 14:14:42 : undefined[39m
[34m[LOGGER] info - 2023-10-20 14:15:06 : ✅ Server running at port 8080[39m
[35m[LOGGER] error - 2023-10-20 14:15:35 : Error creating a ticket: TypeError: Cannot destructure property 'cartId' of 'req.body' as it is undefined.[39m
[35m[LOGGER] error - 2023-10-20 14:15:35 : undefined[39m
[35m[LOGGER] error - 2023-10-20 14:15:55 : Error creating a ticket: TypeError: Cannot destructure property 'cartId' of 'req.body' as it is undefined.[39m
[35m[LOGGER] error - 2023-10-20 14:15:55 : undefined[39m
[34m[LOGGER] info - 2023-10-20 14:16:29 : ✅ Server running at port 8080[39m
[34m[LOGGER] info - 2023-10-20 20:51:57 : ✅ Server running at port 8080[39m
[35m[LOGGER] error - 2023-10-20 20:52:24 : Error getting cart by ID: TypeError: Cannot read properties of undefined (reading 'id')[39m
[35m[LOGGER] error - 2023-10-20 20:52:24 : undefined[39m
[35m[LOGGER] error - 2023-10-20 20:52:32 : Error adding a product to cart: TypeError: Cannot read properties of undefined (reading 'cartId')[39m
[35m[LOGGER] error - 2023-10-20 20:52:32 : undefined[39m
[35m[LOGGER] error - 2023-10-20 20:52:36 : Error getting cart by ID: TypeError: Cannot read properties of undefined (reading 'id')[39m
[35m[LOGGER] error - 2023-10-20 20:52:36 : undefined[39m
[35m[LOGGER] error - 2023-10-20 20:52:50 : Error adding a product to cart: TypeError: Cannot read properties of undefined (reading 'cartId')[39m
[35m[LOGGER] error - 2023-10-20 20:52:50 : undefined[39m
[34m[LOGGER] info - 2023-10-20 20:54:30 : ✅ Server running at port 8080[39m
[35m[LOGGER] error - 2023-10-20 20:55:04 : Error getting cart by ID: TypeError: Cannot read properties of undefined (reading 'id')[39m
[35m[LOGGER] error - 2023-10-20 20:55:04 : undefined[39m
[35m[LOGGER] error - 2023-10-20 20:55:11 : Error adding a product to cart: TypeError: Cannot read properties of undefined (reading 'cartId')[39m
[35m[LOGGER] error - 2023-10-20 20:55:11 : undefined[39m
[35m[LOGGER] error - 2023-10-20 20:55:16 : Error getting cart by ID: TypeError: Cannot read properties of undefined (reading 'id')[39m
[35m[LOGGER] error - 2023-10-20 20:55:16 : undefined[39m
[34m[LOGGER] info - 2023-10-20 20:59:15 : ✅ Server running at port 8080[39m
[35m[LOGGER] error - 2023-10-20 20:59:26 : Error getting cart by ID: TypeError: Cannot read properties of undefined (reading 'id')[39m
[35m[LOGGER] error - 2023-10-20 20:59:26 : undefined[39m
[35m[LOGGER] error - 2023-10-20 20:59:42 : Error getting cart by ID: TypeError: Cannot read properties of undefined (reading 'id')[39m
[35m[LOGGER] error - 2023-10-20 20:59:42 : undefined[39m
[35m[LOGGER] error - 2023-10-20 20:59:58 : Error getting cart by ID: TypeError: Cannot read properties of undefined (reading 'id')[39m
[35m[LOGGER] error - 2023-10-20 20:59:58 : undefined[39m
[34m[LOGGER] info - 2023-10-20 21:00:49 : ✅ Server running at port 8080[39m
[35m[LOGGER] error - 2023-10-20 21:01:09 : undefined[39m
[34m[LOGGER] info - 2023-10-20 21:02:33 : ✅ Server running at port 8080[39m
[35m[LOGGER] error - 2023-10-20 21:02:41 : undefined[39m
[35m[LOGGER] error - 2023-10-20 21:03:07 : Error adding a product to cart: TypeError: Cannot read properties of undefined (reading 'cartId')[39m
[35m[LOGGER] error - 2023-10-20 21:03:07 : undefined[39m
[35m[LOGGER] error - 2023-10-20 21:03:20 : Error adding a product to cart: TypeError: Cannot read properties of undefined (reading 'cartId')[39m
[35m[LOGGER] error - 2023-10-20 21:03:20 : undefined[39m
[35m[LOGGER] error - 2023-10-20 21:03:45 : Error adding a product to cart: TypeError: Cannot read properties of undefined (reading 'cartId')[39m
[35m[LOGGER] error - 2023-10-20 21:03:45 : undefined[39m
[34m[LOGGER] info - 2023-10-20 21:04:03 : ✅ Server running at port 8080[39m
[34m[LOGGER] info - 2023-10-20 21:07:49 : ✅ Server running at port 8080[39m
[35m[LOGGER] error - 2023-10-21 12:17:59 : Error getting cart by ID: TypeError: Cannot read properties of undefined (reading 'id')[39m
[35m[LOGGER] error - 2023-10-21 12:17:59 : undefined[39m
[35m[LOGGER] error - 2023-10-21 12:18:13 : Error getting cart by ID: TypeError: Cannot read properties of undefined (reading 'id')[39m
[35m[LOGGER] error - 2023-10-21 12:18:13 : undefined[39m
[34m[LOGGER] info - 2023-10-21 12:43:03 : ✅ Server running at port 8080[39m
[34m[LOGGER] info - 2023-10-21 12:48:41 : ✅ Server running at port 8080[39m
[34m[LOGGER] info - 2023-10-21 12:49:35 : ✅ Server running at port 8080[39m
[34m[LOGGER] info - 2023-10-21 12:56:20 : ✅ Server running at port 8080[39m
[34m[LOGGER] info - 2023-10-21 12:57:10 : ✅ Server running at port 8080[39m
[34m[LOGGER] info - 2023-10-21 12:58:58 : ✅ Server running at port 8080[39m
[34m[LOGGER] info - 2023-10-21 13:04:28 : ✅ Server running at port 8080[39m
[34m[LOGGER] info - 2023-10-21 13:07:36 : ✅ Server running at port 8080[39m
[34m[LOGGER] info - 2023-10-21 13:09:10 : ✅ Server running at port 8080[39m
[34m[LOGGER] info - 2023-10-21 13:11:56 : ✅ Server running at port 8080[39m
[34m[LOGGER] info - 2023-10-21 13:14:10 : ✅ Server running at port 8080[39m
[34m[LOGGER] info - 2023-10-21 13:16:57 : ✅ Server running at port 8080[39m
[34m[LOGGER] info - 2023-10-21 13:18:42 : ✅ Server running at port 8080[39m
[34m[LOGGER] info - 2023-10-21 13:20:50 : ✅ Server running at port 8080[39m
[34m[LOGGER] info - 2023-10-21 13:23:04 : ✅ Server running at port 8080[39m
[34m[LOGGER] info - 2023-10-21 13:24:15 : ✅ Server running at port 8080[39m
[34m[LOGGER] info - 2023-10-21 13:25:17 : ✅ Server running at port 8080[39m
[35m[LOGGER] error - 2023-10-21 13:25:46 : Error getting cart by: ReferenceError: res is not defined[39m
[35m[LOGGER] error - 2023-10-21 13:25:46 : undefined[39m
[35m[LOGGER] error - 2023-10-21 13:25:51 : Error dding a product to cart: ReferenceError: res is not defined[39m
[35m[LOGGER] error - 2023-10-21 13:25:51 : undefined[39m
[35m[LOGGER] error - 2023-10-21 13:25:56 : Error getting cart by: ReferenceError: res is not defined[39m
[35m[LOGGER] error - 2023-10-21 13:25:56 : undefined[39m
[34m[LOGGER] info - 2023-10-21 13:26:08 : ✅ Server running at port 8080[39m
[35m[LOGGER] error - 2023-10-21 13:26:27 : Error getting cart by: ReferenceError: res is not defined[39m
[35m[LOGGER] error - 2023-10-21 13:26:27 : undefined[39m
[35m[LOGGER] error - 2023-10-21 13:26:34 : Error dding a product to cart: ReferenceError: res is not defined[39m
[35m[LOGGER] error - 2023-10-21 13:26:34 : undefined[39m
[34m[LOGGER] info - 2023-10-21 13:26:44 : ✅ Server running at port 8080[39m
[34m[LOGGER] info - 2023-10-21 13:33:44 : ✅ Server running at port 8080[39m
[35m[LOGGER] error - 2023-10-21 13:34:20 : Error dding a product to cart: ReferenceError: res is not defined[39m
[35m[LOGGER] error - 2023-10-21 13:34:20 : undefined[39m
[34m[LOGGER] info - 2023-10-21 13:36:18 : ✅ Server running at port 8080[39m
[34m[LOGGER] info - 2023-10-21 13:43:00 : ✅ Server running at port 8080[39m
[35m[LOGGER] error - 2023-10-21 13:43:09 : Error dding a product to cart: 6532b5037f1c0606ed8818bd[39m
[35m[LOGGER] error - 2023-10-21 13:43:09 : undefined[39m
[34m[LOGGER] info - 2023-10-21 13:43:35 : ✅ Server running at port 8080[39m
[34m[LOGGER] info - 2023-10-21 13:44:28 : ✅ Server running at port 8080[39m
[34m[LOGGER] info - 2023-10-21 13:45:42 : ✅ Server running at port 8080[39m
[34m[LOGGER] info - 2023-10-21 14:21:26 : ✅ Server running at port 8080[39m
[34m[LOGGER] info - 2023-10-21 15:21:52 : ✅ Server running at port 8080[39m
[34m[LOGGER] info - 2023-10-21 15:27:31 : ✅ Server running at port 8080[39m
[34m[LOGGER] info - 2023-10-21 15:33:56 : ✅ Server running at port 8080[39m
[34m[LOGGER] info - 2023-10-21 15:34:52 : ✅ Server running at port 8080[39m
[35m[LOGGER] error - 2023-10-21 15:35:38 : undefined[39m
[35m[LOGGER] error - 2023-10-21 15:35:41 : undefined[39m
[35m[LOGGER] error - 2023-10-21 15:35:54 : undefined[39m
[34m[LOGGER] info - 2023-10-21 15:36:44 : ✅ Server running at port 8080[39m
[35m[LOGGER] error - 2023-10-21 15:36:51 : undefined[39m
[35m[LOGGER] error - 2023-10-21 15:37:01 : undefined[39m
[34m[LOGGER] info - 2023-10-21 15:37:36 : ✅ Server running at port 8080[39m
[35m[LOGGER] error - 2023-10-21 15:37:47 : undefined[39m
[35m[LOGGER] error - 2023-10-21 15:38:02 : undefined[39m
[34m[LOGGER] info - 2023-10-21 15:38:40 : ✅ Server running at port 8080[39m
[34m[LOGGER] info - 2023-10-21 15:41:45 : ✅ Server running at port 8080[39m
[34m[LOGGER] info - 2023-10-21 15:43:34 : ✅ Server running at port 8080[39m
[34m[LOGGER] info - 2023-10-21 15:43:58 : ✅ Server running at port 8080[39m
[34m[LOGGER] info - 2023-10-21 15:45:05 : ✅ Server running at port 8080[39m
[34m[LOGGER] info - 2023-10-21 16:03:11 : ✅ Server running at port 8080[39m
[34m[LOGGER] info - 2023-10-21 16:03:49 : ✅ Server running at port 8080[39m
[34m[LOGGER] info - 2023-10-21 16:04:06 : ✅ Server running at port 8080[39m
[34m[LOGGER] info - 2023-10-21 17:28:37 : 10/21/2023, 5:28:37 PM - Admin/Premium Access rodrigo RIVAS rodrigorivas190@hotmail.com[39m
[34m[LOGGER] info - 2023-10-21 17:30:35 : 10/21/2023, 5:30:35 PM - Admin/Premium Access rodrigo RIVAS rodrigorivas190@hotmail.com[39m
[34m[LOGGER] info - 2023-10-21 17:30:38 : 10/21/2023, 5:30:38 PM - Admin/Premium Access rodrigo RIVAS rodrigorivas190@hotmail.com[39m
[34m[LOGGER] info - 2023-10-21 17:30:57 : 10/21/2023, 5:30:57 PM - Admin/Premium Access rodrigo RIVAS rodrigorivas190@hotmail.com[39m
[34m[LOGGER] info - 2023-10-21 17:31:00 : 10/21/2023, 5:31:00 PM - Admin/Premium Access rodrigo RIVAS rodrigorivas190@hotmail.com[39m
[34m[LOGGER] info - 2023-10-21 17:41:11 : ✅ Server running at port 8080[39m
[34m[LOGGER] info - 2023-10-21 17:48:24 : ✅ Server running at port 8080[39m
[34m[LOGGER] info - 2023-10-21 17:55:00 : ✅ Server running at port 8080[39m
[34m[LOGGER] info - 2023-10-21 17:55:17 : ✅ Server running at port 8080[39m
[34m[LOGGER] info - 2023-10-21 17:57:00 : 10/21/2023, 5:57:00 PM - Admin/Premium Access rodrigo RIVAS rodrigorivas190@hotmail.com[39m
[34m[LOGGER] info - 2023-10-21 18:02:34 : 10/21/2023, 6:02:34 PM - Admin/Premium Access rodrigo RIVAS rodrigorivas190@hotmail.com[39m
[34m[LOGGER] info - 2023-10-21 18:33:38 : ✅ Server running at port 8080[39m
[34m[LOGGER] info - 2023-10-21 18:39:59 : ✅ Server running at port 8080[39m
[34m[LOGGER] info - 2023-10-21 18:40:22 : ✅ Server running at port 8080[39m
[34m[LOGGER] info - 2023-10-21 18:40:51 : ✅ Server running at port 8080[39m
[34m[LOGGER] info - 2023-10-21 18:42:09 : ✅ Server running at port 8080[39m
[34m[LOGGER] info - 2023-10-21 18:45:45 : ✅ Server running at port 8080[39m
[34m[LOGGER] info - 2023-10-21 18:46:14 : ✅ Server running at port 8080[39m
[34m[LOGGER] info - 2023-10-21 18:46:19 : ✅ Server running at port 8080[39m
[34m[LOGGER] info - 2023-10-21 18:50:44 : ✅ Server running at port 8080[39m
[34m[LOGGER] info - 2023-10-21 18:51:27 : ✅ Server running at port 8080[39m
[34m[LOGGER] info - 2023-10-21 18:53:25 : ✅ Server running at port 8080[39m
[34m[LOGGER] info - 2023-10-21 18:55:06 : ✅ Server running at port 8080[39m
[34m[LOGGER] info - 2023-10-21 18:55:20 : ✅ Server running at port 8080[39m
[34m[LOGGER] info - 2023-10-21 18:55:51 : ✅ Server running at port 8080[39m
[34m[LOGGER] info - 2023-10-21 18:56:33 : ✅ Server running at port 8080[39m
[34m[LOGGER] info - 2023-10-21 18:56:48 : ✅ Server running at port 8080[39m
[34m[LOGGER] info - 2023-10-21 18:57:48 : ✅ Server running at port 8080[39m
[34m[LOGGER] info - 2023-10-21 18:57:58 : ✅ Server running at port 8080[39m
[34m[LOGGER] info - 2023-10-21 18:58:33 : ✅ Server running at port 8080[39m
[34m[LOGGER] info - 2023-10-21 18:58:55 : ✅ Server running at port 8080[39m
[34m[LOGGER] info - 2023-10-21 19:05:29 : ✅ Server running at port 8080[39m
[34m[LOGGER] info - 2023-10-21 19:12:36 : 10/21/2023, 7:12:36 PM - Admin/Premium Access rodrigo RIVAS rodrigorivas190@hotmail.com[39m
[34m[LOGGER] info - 2023-10-21 19:15:05 : 10/21/2023, 7:15:05 PM - Admin/Premium Access rodrigo RIVAS rodrigorivas190@hotmail.com[39m
[35m[LOGGER] error - 2023-10-21 19:18:17 : Error al traer un usuario[39m
[34m[LOGGER] info - 2023-10-21 19:20:11 : 10/21/2023, 7:20:11 PM - Admin/Premium Access Coder House rodrigomrivas190@gmail.com[39m
[34m[LOGGER] info - 2023-10-21 19:21:10 : 10/21/2023, 7:21:10 PM - Admin Access Coder House rodrigomrivas190@gmail.com[39m
[34m[LOGGER] info - 2023-10-21 19:21:39 : 10/21/2023, 7:21:39 PM - Admin Access Coder House rodrigomrivas190@gmail.com[39m
[34m[LOGGER] info - 2023-10-21 19:27:31 : ✅ Server running at port 8080[39m
[34m[LOGGER] info - 2023-10-21 19:33:26 : ✅ Server running at port 8080[39m
[34m[LOGGER] info - 2023-10-21 19:34:17 : ✅ Server running at port 8080[39m
[34m[LOGGER] info - 2023-10-21 19:34:50 : ✅ Server running at port 8080[39m
[34m[LOGGER] info - 2023-10-21 19:36:41 : ✅ Server running at port 8080[39m
[34m[LOGGER] info - 2023-10-21 19:38:14 : ✅ Server running at port 8080[39m
[34m[LOGGER] info - 2023-10-21 19:40:45 : ✅ Server running at port 8080[39m
[34m[LOGGER] info - 2023-10-21 19:42:25 : ✅ Server running at port 8080[39m
[34m[LOGGER] info - 2023-10-21 20:12:14 : 10/21/2023, 8:12:14 PM - Admin/Premium Access rodrigo RIVAS rodrigorivas190@hotmail.com[39m
[34m[LOGGER] info - 2023-10-21 20:12:54 : 10/21/2023, 8:12:54 PM - Admin/Premium Access rodrigo RIVAS rodrigorivas190@hotmail.com[39m
[34m[LOGGER] info - 2023-10-21 20:13:44 : 10/21/2023, 8:13:44 PM - Admin/Premium Access rodrigo RIVAS rodrigorivas190@hotmail.com[39m
[34m[LOGGER] info - 2023-10-21 20:20:19 : 10/21/2023, 8:20:19 PM - Admin/Premium Access rodrigo RIVAS rodrigorivas190@hotmail.com[39m
[34m[LOGGER] info - 2023-10-21 20:23:08 : 10/21/2023, 8:23:08 PM - Admin/Premium Access rodrigo RIVAS rodrigorivas190@hotmail.com[39m
[34m[LOGGER] info - 2023-10-21 20:24:42 : 10/21/2023, 8:24:42 PM - Admin/Premium Access rodrigo RIVAS rodrigorivas190@hotmail.com[39m
[34m[LOGGER] info - 2023-10-21 20:25:20 : 10/21/2023, 8:25:20 PM - Admin/Premium Access rodrigo RIVAS rodrigorivas190@hotmail.com[39m
[34m[LOGGER] info - 2023-10-21 20:28:12 : 10/21/2023, 8:28:12 PM - Admin/Premium Access rodrigo RIVAS rodrigorivas190@hotmail.com[39m
[34m[LOGGER] info - 2023-10-21 20:29:54 : 10/21/2023, 8:29:54 PM - Admin/Premium Access rodrigo RIVAS rodrigorivas190@hotmail.com[39m
[34m[LOGGER] info - 2023-10-21 20:30:37 : 10/21/2023, 8:30:37 PM - Admin/Premium Access rodrigo RIVAS rodrigorivas190@hotmail.com[39m
[34m[LOGGER] info - 2023-10-21 20:31:15 : 10/21/2023, 8:31:15 PM - Admin/Premium Access rodrigo RIVAS rodrigorivas190@hotmail.com[39m
[34m[LOGGER] info - 2023-10-21 20:34:35 : 10/21/2023, 8:34:35 PM - Admin Access Coder House rodrigomrivas190@gmail.com[39m
[34m[LOGGER] info - 2023-10-21 20:40:14 : 10/21/2023, 8:40:14 PM - Admin Access Coder House rodrigomrivas190@gmail.com[39m
[34m[LOGGER] info - 2023-10-21 20:42:16 : 10/21/2023, 8:42:16 PM - Admin Access Coder House rodrigomrivas190@gmail.com[39m
[34m[LOGGER] info - 2023-10-21 20:54:53 : 10/21/2023, 8:54:53 PM - Admin Access Coder House rodrigomrivas190@gmail.com[39m
[34m[LOGGER] info - 2023-10-21 20:55:20 : ✅ Server running at port 8080[39m
[34m[LOGGER] info - 2023-10-21 20:55:41 : 10/21/2023, 8:55:41 PM - Admin Access Coder House rodrigomrivas190@gmail.com[39m
[34m[LOGGER] info - 2023-10-21 20:57:09 : 10/21/2023, 8:57:09 PM - Admin Access Coder House rodrigomrivas190@gmail.com[39m
[34m[LOGGER] info - 2023-10-21 20:57:34 : 10/21/2023, 8:57:34 PM - Admin Access Coder House rodrigomrivas190@gmail.com[39m
[34m[LOGGER] info - 2023-10-21 20:58:06 : 10/21/2023, 8:58:06 PM - Admin Access Coder House rodrigomrivas190@gmail.com[39m
[34m[LOGGER] info - 2023-10-21 21:02:27 : 10/21/2023, 9:02:27 PM - Admin Access Coder House rodrigomrivas190@gmail.com[39m
[34m[LOGGER] info - 2023-10-21 21:25:43 : ✅ Server running at port 8080[39m
[34m[LOGGER] info - 2023-10-21 21:27:12 : ✅ Server running at port 8080[39m
[34m[LOGGER] info - 2023-10-21 21:27:46 : 10/21/2023, 9:27:46 PM - Admin/Premium Access rodrigo RIVAS rodrigorivas190@hotmail.com[39m
[34m[LOGGER] info - 2023-10-21 21:28:04 : 10/21/2023, 9:28:04 PM - Admin/Premium Access rodrigo RIVAS rodrigorivas190@hotmail.com[39m
[34m[LOGGER] info - 2023-10-21 21:28:06 : 10/21/2023, 9:28:06 PM - Admin/Premium Access rodrigo RIVAS rodrigorivas190@hotmail.com[39m
[34m[LOGGER] info - 2023-10-21 21:34:43 : ✅ Server running at port 8080[39m
[34m[LOGGER] info - 2023-10-21 22:01:39 : ✅ Server running at port 8080[39m
[34m[LOGGER] info - 2023-10-21 22:02:13 : 10/21/2023, 10:02:13 PM - Admin/Premium Access rodrigo RIVAS rodrigorivas190@hotmail.com[39m
[34m[LOGGER] info - 2023-10-21 22:02:58 : 10/21/2023, 10:02:58 PM - Admin/Premium Access rodrigo RIVAS rodrigorivas190@hotmail.com[39m
[34m[LOGGER] info - 2023-10-21 22:03:20 : 10/21/2023, 10:03:20 PM - Admin/Premium Access rodrigo RIVAS rodrigorivas190@hotmail.com[39m
[34m[LOGGER] info - 2023-10-21 22:04:09 : 10/21/2023, 10:04:09 PM - Admin/Premium Access rodrigo RIVAS rodrigorivas190@hotmail.com[39m
[34m[LOGGER] info - 2023-10-21 22:04:41 : 10/21/2023, 10:04:41 PM - Admin/Premium Access rodrigo RIVAS rodrigorivas190@hotmail.com[39m
[34m[LOGGER] info - 2023-10-21 22:06:21 : 10/21/2023, 10:06:21 PM - Admin/Premium Access rodrigo RIVAS rodrigorivas190@hotmail.com[39m
[34m[LOGGER] info - 2023-10-21 22:06:40 : 10/21/2023, 10:06:40 PM - Admin/Premium Access rodrigo RIVAS rodrigorivas190@hotmail.com[39m
[34m[LOGGER] info - 2023-10-21 22:06:49 : ✅ Server running at port 8080[39m
[34m[LOGGER] info - 2023-10-21 22:06:53 : 10/21/2023, 10:06:53 PM - Admin/Premium Access rodrigo RIVAS rodrigorivas190@hotmail.com[39m
[34m[LOGGER] info - 2023-10-21 22:07:12 : 10/21/2023, 10:07:12 PM - Admin/Premium Access rodrigo RIVAS rodrigorivas190@hotmail.com[39m
[34m[LOGGER] info - 2023-10-21 22:07:22 : ✅ Server running at port 8080[39m
[34m[LOGGER] info - 2023-10-21 22:07:28 : 10/21/2023, 10:07:28 PM - Admin/Premium Access rodrigo RIVAS rodrigorivas190@hotmail.com[39m
[34m[LOGGER] info - 2023-10-21 22:11:32 : 10/21/2023, 10:11:32 PM - Admin/Premium Access rodrigo RIVAS rodrigorivas190@hotmail.com[39m
